<?xml version="1.0" encoding="UTF-8"?>
<testsuite name="api.bookstore.BookStoreApiTests" tests="9" skipped="0" failures="0" errors="0" timestamp="2026-09-23T12:43:21" hostname="LAPTOP-88U48CSN" time="11.957">
  <properties/>
  <testcase name="getBookByInvalidIsbnReturnsError()" classname="api.bookstore.BookStoreApiTests" time="2.206"/>
  <testcase name="getBookByIsbnReturnsCorrectBook()" classname="api.bookstore.BookStoreApiTests" time="0.948"/>
  <testcase name="createUserWithWeakPasswordReturns400()" classname="api.bookstore.BookStoreApiTests" time="0.404"/>
  <testcase name="generateTokenForNewUserReturnsToken()" classname="api.bookstore.BookStoreApiTests" time="3.043"/>
  <testcase name="authorizedReturnsTrueForValidCredentials()" classname="api.bookstore.BookStoreApiTests" time="2.949"/>
  <testcase name="createUserReturns201()" classname="api.bookstore.BookStoreApiTests" time="0.84"/>
  <testcase name="authorizedReturnsFalseForInvalidCredentials()" classname="api.bookstore.BookStoreApiTests" time="0.955"/>
  <testcase name="allBooksHaveRequiredFields()" classname="api.bookstore.BookStoreApiTests" time="0.279"/>
  <testcase name="getAllBooksReturnsList()" classname="api.bookstore.BookStoreApiTests" time="0.308"/>
  <system-out><![CDATA[]]></system-out>
  <system-err><![CDATA[]]></system-err>
</testsuite>
